PLINK v1.90b4 64-bit (20 Mar 2017)
Options in effect:
  --make-bed
  --out temp_chr3_101-189Mb_BED
  --vcf temp_chr3_101-189Mb.vcf

Hostname: node17.alineos.net
Working directory: /tmp/salson_plink
Start time: Sat Feb 18 15:10:28 2023

Random number seed: 1676729428
144782 MB RAM detected; reserving 72391 MB for main workspace.
--vcf: temp_chr3_101-189Mb_BED-temporary.bed +
temp_chr3_101-189Mb_BED-temporary.bim + temp_chr3_101-189Mb_BED-temporary.fam
written.
554 variants loaded from .bim file.
377 people (0 males, 0 females, 377 ambiguous) loaded from .fam.
Ambiguous sex IDs written to temp_chr3_101-189Mb_BED.nosex .
Using 1 thread (no multithreaded calculations invoked).
Before main variant filters, 377 founders and 0 nonfounders present.
Calculating allele frequencies... done.
Total genotyping rate is 0.836889.
554 variants and 377 people pass filters and QC.
Note: No phenotypes present.
--make-bed to temp_chr3_101-189Mb_BED.bed + temp_chr3_101-189Mb_BED.bim +
temp_chr3_101-189Mb_BED.fam ... done.

End time: Sat Feb 18 15:10:28 2023
